<?xml version="1.0" encoding="UTF-8"?>
<testng-results ignored="0" total="1" passed="1" failed="0" skipped="0">
  <reporter-output>
  </reporter-output>
  <suite started-at="2023-06-16T13:36:42 IST" name="Suite" finished-at="2023-06-16T13:37:01 IST" duration-ms="18730">
    <groups>
    </groups>
    <test started-at="2023-06-16T13:36:42 IST" name="Test" finished-at="2023-06-16T13:37:01 IST" duration-ms="18730">
      <class name="testCases.Test_3">
        <test-method is-config="true" signature="BeforeTest()[pri:0, instance:testCases.Test_3@38c6f217]" started-at="2023-06-16T13:36:42 IST" name="BeforeTest" finished-at="2023-06-16T13:36:58 IST" duration-ms="15808" status="PASS">
          <reporter-output>
          </reporter-output>
        </test-method> <!-- BeforeTest -->
        <test-method signature="google()[pri:0, instance:testCases.Test_3@38c6f217]" started-at="2023-06-16T13:36:58 IST" name="google" finished-at="2023-06-16T13:36:58 IST" duration-ms="14" status="PASS">
          <reporter-output>
          </reporter-output>
        </test-method> <!-- google -->
        <test-method is-config="true" signature="AfterTest()[pri:0, instance:testCases.Test_3@38c6f217]" started-at="2023-06-16T13:36:58 IST" name="AfterTest" finished-at="2023-06-16T13:37:01 IST" duration-ms="2863" status="PASS">
          <reporter-output>
          </reporter-output>
        </test-method> <!-- AfterTest -->
      </class> <!-- testCases.Test_3 -->
    </test> <!-- Test -->
  </suite> <!-- Suite -->
</testng-results>
